<?xml version="1.0" encoding="UTF-8"?>
<!-- Generated by org.testng.reporters.JUnitReportReporter -->
<testsuite hostname="Manoj-kumaR" failures="0" tests="1" name="com.FaceBookLogin.MainClass1" time="30.339" errors="0" timestamp="2020-04-24T12:39:34 IST" skipped="0">
  <testcase classname="com.FaceBookLogin.MainClass1" name="openApplication" time="30.339"/>
  <system-out/>
</testsuite> <!-- com.FaceBookLogin.MainClass1 -->
