<?xml version="1.0" encoding="UTF-8"?>
<!-- Generated by org.testng.reporters.JUnitReportReporter -->
<testsuite hostname="Manoj-kumaR" failures="0" tests="1" name="screenshot.Screenshot01" time="23.939" errors="0" timestamp="2020-04-23T17:12:26 IST" skipped="0">
  <testcase classname="screenshot.Screenshot01" name="loginIntoDemoWbShop" time="23.939"/>
  <system-out/>
</testsuite> <!-- screenshot.Screenshot01 -->
